Analysis & Synthesis report for 4bit_multiplier
Thu Jun 27 12:06:22 2024
Quartus Prime Version 18.1.0 Build 625 09/12/2018 SJ Lite Edition


---------------------
; Table of Contents ;
---------------------
  1. Legal Notice
  2. Analysis & Synthesis Summary
  3. Analysis & Synthesis Settings
  4. Parallel Compilation
  5. Analysis & Synthesis Source Files Read
  6. Analysis & Synthesis Resource Usage Summary
  7. Analysis & Synthesis Resource Utilization by Entity
  8. State Machine - |4bit_multiplier|controller:inst|estado
  9. General Register Statistics
 10. Inverted Register Statistics
 11. Post-Synthesis Netlist Statistics for Top Partition
 12. Elapsed Time Per Partition
 13. Analysis & Synthesis Messages



----------------
; Legal Notice ;
----------------
Copyright (C) 2018  Intel Corporation. All rights reserved.
Your use of Intel Corporation's design tools, logic functions 
and other software and tools, and its AMPP partner logic 
functions, and any output files from any of the foregoing 
(including device programming or simulation files), and any 
associated documentation or information are expressly subject 
to the terms and conditions of the Intel Program License 
Subscription Agreement, the Intel Quartus Prime License Agreement,
the Intel FPGA IP License Agreement, or other applicable license
agreement, including, without limitation, that your use is for
the sole purpose of programming logic devices manufactured by
Intel and sold by Intel or its authorized distributors.  Please
refer to the applicable agreement for further details.



+----------------------------------------------------------------------------------+
; Analysis & Synthesis Summary                                                     ;
+------------------------------------+---------------------------------------------+
; Analysis & Synthesis Status        ; Successful - Thu Jun 27 12:06:22 2024       ;
; Quartus Prime Version              ; 18.1.0 Build 625 09/12/2018 SJ Lite Edition ;
; Revision Name                      ; 4bit_multiplier                             ;
; Top-level Entity Name              ; 4bit_multiplier                             ;
; Family                             ; MAX 10                                      ;
; Total logic elements               ; 64                                          ;
;     Total combinational functions  ; 64                                          ;
;     Dedicated logic registers      ; 20                                          ;
; Total registers                    ; 20                                          ;
; Total pins                         ; 68                                          ;
; Total virtual pins                 ; 0                                           ;
; Total memory bits                  ; 0                                           ;
; Embedded Multiplier 9-bit elements ; 0                                           ;
; Total PLLs                         ; 0                                           ;
; UFM blocks                         ; 0                                           ;
; ADC blocks                         ; 0                                           ;
+------------------------------------+---------------------------------------------+


+------------------------------------------------------------------------------------------------------------+
; Analysis & Synthesis Settings                                                                              ;
+------------------------------------------------------------------+--------------------+--------------------+
; Option                                                           ; Setting            ; Default Value      ;
+------------------------------------------------------------------+--------------------+--------------------+
; Device                                                           ; 10M50DAF484C7G     ;                    ;
; Top-level entity name                                            ; 4bit_multiplier    ; 4bit_multiplier    ;
; Family name                                                      ; MAX 10             ; Cyclone V          ;
; Use smart compilation                                            ; Off                ; Off                ;
; Enable parallel Assembler and Timing Analyzer during compilation ; On                 ; On                 ;
; Enable compact report table                                      ; Off                ; Off                ;
; Restructure Multiplexers                                         ; Auto               ; Auto               ;
; Create Debugging Nodes for IP Cores                              ; Off                ; Off                ;
; Preserve fewer node names                                        ; On                 ; On                 ;
; Intel FPGA IP Evaluation Mode                                    ; Enable             ; Enable             ;
; Verilog Version                                                  ; Verilog_2001       ; Verilog_2001       ;
; VHDL Version                                                     ; VHDL_1993          ; VHDL_1993          ;
; State Machine Processing                                         ; Auto               ; Auto               ;
; Safe State Machine                                               ; Off                ; Off                ;
; Extract Verilog State Machines                                   ; On                 ; On                 ;
; Extract VHDL State Machines                                      ; On                 ; On                 ;
; Ignore Verilog initial constructs                                ; Off                ; Off                ;
; Iteration limit for constant Verilog loops                       ; 5000               ; 5000               ;
; Iteration limit for non-constant Verilog loops                   ; 250                ; 250                ;
; Add Pass-Through Logic to Inferred RAMs                          ; On                 ; On                 ;
; Infer RAMs from Raw Logic                                        ; On                 ; On                 ;
; Parallel Synthesis                                               ; On                 ; On                 ;
; DSP Block Balancing                                              ; Auto               ; Auto               ;
; NOT Gate Push-Back                                               ; On                 ; On                 ;
; Power-Up Don't Care                                              ; On                 ; On                 ;
; Remove Redundant Logic Cells                                     ; Off                ; Off                ;
; Remove Duplicate Registers                                       ; On                 ; On                 ;
; Ignore CARRY Buffers                                             ; Off                ; Off                ;
; Ignore CASCADE Buffers                                           ; Off                ; Off                ;
; Ignore GLOBAL Buffers                                            ; Off                ; Off                ;
; Ignore ROW GLOBAL Buffers                                        ; Off                ; Off                ;
; Ignore LCELL Buffers                                             ; Off                ; Off                ;
; Ignore SOFT Buffers                                              ; On                 ; On                 ;
; Limit AHDL Integers to 32 Bits                                   ; Off                ; Off                ;
; Optimization Technique                                           ; Balanced           ; Balanced           ;
; Carry Chain Length                                               ; 70                 ; 70                 ;
; Auto Carry Chains                                                ; On                 ; On                 ;
; Auto Open-Drain Pins                                             ; On                 ; On                 ;
; Perform WYSIWYG Primitive Resynthesis                            ; Off                ; Off                ;
; Auto ROM Replacement                                             ; On                 ; On                 ;
; Auto RAM Replacement                                             ; On                 ; On                 ;
; Auto DSP Block Replacement                                       ; On                 ; On                 ;
; Auto Shift Register Replacement                                  ; Auto               ; Auto               ;
; Allow Shift Register Merging across Hierarchies                  ; Auto               ; Auto               ;
; Auto Clock Enable Replacement                                    ; On                 ; On                 ;
; Strict RAM Replacement                                           ; Off                ; Off                ;
; Allow Synchronous Control Signals                                ; On                 ; On                 ;
; Force Use of Synchronous Clear Signals                           ; Off                ; Off                ;
; Auto RAM Block Balancing                                         ; On                 ; On                 ;
; Auto RAM to Logic Cell Conversion                                ; Off                ; Off                ;
; Auto Resource Sharing                                            ; Off                ; Off                ;
; Allow Any RAM Size For Recognition                               ; Off                ; Off                ;
; Allow Any ROM Size For Recognition                               ; Off                ; Off                ;
; Allow Any Shift Register Size For Recognition                    ; Off                ; Off                ;
; Use LogicLock Constraints during Resource Balancing              ; On                 ; On                 ;
; Ignore translate_off and synthesis_off directives                ; Off                ; Off                ;
; Timing-Driven Synthesis                                          ; On                 ; On                 ;
; Report Parameter Settings                                        ; On                 ; On                 ;
; Report Source Assignments                                        ; On                 ; On                 ;
; Report Connectivity Checks                                       ; On                 ; On                 ;
; Ignore Maximum Fan-Out Assignments                               ; Off                ; Off                ;
; Synchronization Register Chain Length                            ; 2                  ; 2                  ;
; Power Optimization During Synthesis                              ; Normal compilation ; Normal compilation ;
; HDL message level                                                ; Level2             ; Level2             ;
; Suppress Register Optimization Related Messages                  ; Off                ; Off                ;
; Number of Removed Registers Reported in Synthesis Report         ; 5000               ; 5000               ;
; Number of Swept Nodes Reported in Synthesis Report               ; 5000               ; 5000               ;
; Number of Inverted Registers Reported in Synthesis Report        ; 100                ; 100                ;
; Clock MUX Protection                                             ; On                 ; On                 ;
; Auto Gated Clock Conversion                                      ; Off                ; Off                ;
; Block Design Naming                                              ; Auto               ; Auto               ;
; SDC constraint protection                                        ; Off                ; Off                ;
; Synthesis Effort                                                 ; Auto               ; Auto               ;
; Shift Register Replacement - Allow Asynchronous Clear Signal     ; On                 ; On                 ;
; Pre-Mapping Resynthesis Optimization                             ; Off                ; Off                ;
; Analysis & Synthesis Message Level                               ; Medium             ; Medium             ;
; Disable Register Merging Across Hierarchies                      ; Auto               ; Auto               ;
; Resource Aware Inference For Block RAM                           ; On                 ; On                 ;
+------------------------------------------------------------------+--------------------+--------------------+


+------------------------------------------+
; Parallel Compilation                     ;
+----------------------------+-------------+
; Processors                 ; Number      ;
+----------------------------+-------------+
; Number detected on machine ; 4           ;
; Maximum allowed            ; 4           ;
;                            ;             ;
; Average used               ; 1.00        ;
; Maximum used               ; 4           ;
;                            ;             ;
; Usage by Processor         ; % Time Used ;
;     Processor 1            ; 100.0%      ;
;     Processor 2            ;   0.0%      ;
;     Processors 3-4         ;   0.0%      ;
+----------------------------+-------------+


+-----------------------------------------------------------------------------------------------------------------------------------------------------------------+
; Analysis & Synthesis Source Files Read                                                                                                                          ;
+----------------------------------+-----------------+------------------------------------------+-------------------------------------------------------+---------+
; File Name with User-Entered Path ; Used in Netlist ; File Type                                ; File Name with Absolute Path                          ; Library ;
+----------------------------------+-----------------+------------------------------------------+-------------------------------------------------------+---------+
; SOMA4BITS.bdf                    ; yes             ; User Block Diagram/Schematic File        ; K:/intelFPGA_lite/18.1/multiplier/SOMA4BITS.bdf       ;         ;
; SOMA1BIT.bdf                     ; yes             ; User Block Diagram/Schematic File        ; K:/intelFPGA_lite/18.1/multiplier/SOMA1BIT.bdf        ;         ;
; seg.bdf                          ; yes             ; User Block Diagram/Schematic File        ; K:/intelFPGA_lite/18.1/multiplier/seg.bdf             ;         ;
; PISO.bdf                         ; yes             ; User Block Diagram/Schematic File        ; K:/intelFPGA_lite/18.1/multiplier/PISO.bdf            ;         ;
; 4bit_multiplier.bdf              ; yes             ; User Block Diagram/Schematic File        ; K:/intelFPGA_lite/18.1/multiplier/4bit_multiplier.bdf ;         ;
; datapath.bdf                     ; yes             ; User Block Diagram/Schematic File        ; K:/intelFPGA_lite/18.1/multiplier/datapath.bdf        ;         ;
; mux.bdf                          ; yes             ; User Block Diagram/Schematic File        ; K:/intelFPGA_lite/18.1/multiplier/mux.bdf             ;         ;
; down_ctr2bit.vhd                 ; yes             ; Auto-Found VHDL File                     ; K:/intelFPGA_lite/18.1/multiplier/down_ctr2bit.vhd    ;         ;
; pipo.bdf                         ; yes             ; Auto-Found Block Diagram/Schematic File  ; K:/intelFPGA_lite/18.1/multiplier/pipo.bdf            ;         ;
; controller.vhd                   ; yes             ; Auto-Found VHDL File                     ; K:/intelFPGA_lite/18.1/multiplier/controller.vhd      ;         ;
+----------------------------------+-----------------+------------------------------------------+-------------------------------------------------------+---------+


+-----------------------------------------------------+
; Analysis & Synthesis Resource Usage Summary         ;
+---------------------------------------------+-------+
; Resource                                    ; Usage ;
+---------------------------------------------+-------+
; Estimated Total logic elements              ; 64    ;
;                                             ;       ;
; Total combinational functions               ; 64    ;
; Logic element usage by number of LUT inputs ;       ;
;     -- 4 input functions                    ; 52    ;
;     -- 3 input functions                    ; 5     ;
;     -- <=2 input functions                  ; 7     ;
;                                             ;       ;
; Logic elements by mode                      ;       ;
;     -- normal mode                          ; 64    ;
;     -- arithmetic mode                      ; 0     ;
;                                             ;       ;
; Total registers                             ; 20    ;
;     -- Dedicated logic registers            ; 20    ;
;     -- I/O registers                        ; 0     ;
;                                             ;       ;
; I/O pins                                    ; 68    ;
;                                             ;       ;
; Embedded Multiplier 9-bit elements          ; 0     ;
;                                             ;       ;
; Maximum fan-out node                        ; inst4 ;
; Maximum fan-out                             ; 19    ;
; Total fan-out                               ; 376   ;
; Average fan-out                             ; 1.71  ;
+---------------------------------------------+-------+


+------------------------------------------------------------------------------------------------------------------------------------------------------------------------------------------------------------------------------------------------------------------------------------------+
; Analysis & Synthesis Resource Utilization by Entity                                                                                                                                                                                                                                      ;
+-----------------------------------+---------------------+---------------------------+-------------+------------+--------------+---------+-----------+------+--------------+------------+----------------------------------------------------------------+-----------------+--------------+
; Compilation Hierarchy Node        ; Combinational ALUTs ; Dedicated Logic Registers ; Memory Bits ; UFM Blocks ; DSP Elements ; DSP 9x9 ; DSP 18x18 ; Pins ; Virtual Pins ; ADC blocks ; Full Hierarchy Name                                            ; Entity Name     ; Library Name ;
+-----------------------------------+---------------------+---------------------------+-------------+------------+--------------+---------+-----------+------+--------------+------------+----------------------------------------------------------------+-----------------+--------------+
; |4bit_multiplier                  ; 64 (1)              ; 20 (0)                    ; 0           ; 0          ; 0            ; 0       ; 0         ; 68   ; 0            ; 0          ; |4bit_multiplier                                               ; 4bit_multiplier ; work         ;
;    |controller:inst|              ; 3 (3)               ; 3 (3)                     ; 0           ; 0          ; 0            ; 0       ; 0         ; 0    ; 0            ; 0          ; |4bit_multiplier|controller:inst                               ; controller      ; work         ;
;    |datapath:inst9|               ; 32 (4)              ; 17 (1)                    ; 0           ; 0          ; 0            ; 0       ; 0         ; 0    ; 0            ; 0          ; |4bit_multiplier|datapath:inst9                                ; datapath        ; work         ;
;       |PIPO:inst2|                ; 0 (0)               ; 4 (4)                     ; 0           ; 0          ; 0            ; 0       ; 0         ; 0    ; 0            ; 0          ; |4bit_multiplier|datapath:inst9|PIPO:inst2                     ; PIPO            ; work         ;
;       |PISO:inst1|                ; 14 (14)             ; 9 (9)                     ; 0           ; 0          ; 0            ; 0       ; 0         ; 0    ; 0            ; 0          ; |4bit_multiplier|datapath:inst9|PISO:inst1                     ; PISO            ; work         ;
;       |SOMA4BITS:inst3|           ; 6 (0)               ; 0 (0)                     ; 0           ; 0          ; 0            ; 0       ; 0         ; 0    ; 0            ; 0          ; |4bit_multiplier|datapath:inst9|SOMA4BITS:inst3                ; SOMA4BITS       ; work         ;
;          |SOMA1BIT:inst2|         ; 2 (2)               ; 0 (0)                     ; 0           ; 0          ; 0            ; 0       ; 0         ; 0    ; 0            ; 0          ; |4bit_multiplier|datapath:inst9|SOMA4BITS:inst3|SOMA1BIT:inst2 ; SOMA1BIT        ; work         ;
;          |SOMA1BIT:inst3|         ; 1 (1)               ; 0 (0)                     ; 0           ; 0          ; 0            ; 0       ; 0         ; 0    ; 0            ; 0          ; |4bit_multiplier|datapath:inst9|SOMA4BITS:inst3|SOMA1BIT:inst3 ; SOMA1BIT        ; work         ;
;          |SOMA1BIT:inst4|         ; 1 (1)               ; 0 (0)                     ; 0           ; 0          ; 0            ; 0       ; 0         ; 0    ; 0            ; 0          ; |4bit_multiplier|datapath:inst9|SOMA4BITS:inst3|SOMA1BIT:inst4 ; SOMA1BIT        ; work         ;
;          |SOMA1BIT:inst|          ; 2 (2)               ; 0 (0)                     ; 0           ; 0          ; 0            ; 0       ; 0         ; 0    ; 0            ; 0          ; |4bit_multiplier|datapath:inst9|SOMA4BITS:inst3|SOMA1BIT:inst  ; SOMA1BIT        ; work         ;
;       |down_ctr2bit:instinstinst| ; 4 (4)               ; 3 (3)                     ; 0           ; 0          ; 0            ; 0       ; 0         ; 0    ; 0            ; 0          ; |4bit_multiplier|datapath:inst9|down_ctr2bit:instinstinst      ; down_ctr2bit    ; work         ;
;       |mux:inst12|                ; 4 (4)               ; 0 (0)                     ; 0           ; 0          ; 0            ; 0       ; 0         ; 0    ; 0            ; 0          ; |4bit_multiplier|datapath:inst9|mux:inst12                     ; mux             ; work         ;
;    |seg:inst2|                    ; 7 (7)               ; 0 (0)                     ; 0           ; 0          ; 0            ; 0       ; 0         ; 0    ; 0            ; 0          ; |4bit_multiplier|seg:inst2                                     ; seg             ; work         ;
;    |seg:inst3|                    ; 7 (7)               ; 0 (0)                     ; 0           ; 0          ; 0            ; 0       ; 0         ; 0    ; 0            ; 0          ; |4bit_multiplier|seg:inst3                                     ; seg             ; work         ;
;    |seg:inst5|                    ; 7 (7)               ; 0 (0)                     ; 0           ; 0          ; 0            ; 0       ; 0         ; 0    ; 0            ; 0          ; |4bit_multiplier|seg:inst5                                     ; seg             ; work         ;
;    |seg:inst999|                  ; 7 (7)               ; 0 (0)                     ; 0           ; 0          ; 0            ; 0       ; 0         ; 0    ; 0            ; 0          ; |4bit_multiplier|seg:inst999                                   ; seg             ; work         ;
+-----------------------------------+---------------------+---------------------------+-------------+------------+--------------+---------+-----------+------+--------------+------------+----------------------------------------------------------------+-----------------+--------------+
Note: For table entries with two numbers listed, the numbers in parentheses indicate the number of resources of the given type used by the specific entity alone. The numbers listed outside of parentheses indicate the total resources of the given type used by the specific entity and all of its sub-entities in the hierarchy.


Encoding Type:  One-Hot
+---------------------------------------------------------+
; State Machine - |4bit_multiplier|controller:inst|estado ;
+-----------+-----------+-----------+---------------------+
; Name      ; estado.s2 ; estado.s1 ; estado.s0           ;
+-----------+-----------+-----------+---------------------+
; estado.s0 ; 0         ; 0         ; 0                   ;
; estado.s1 ; 0         ; 1         ; 1                   ;
; estado.s2 ; 1         ; 0         ; 1                   ;
+-----------+-----------+-----------+---------------------+


+------------------------------------------------------+
; General Register Statistics                          ;
+----------------------------------------------+-------+
; Statistic                                    ; Value ;
+----------------------------------------------+-------+
; Total registers                              ; 20    ;
; Number of registers using Synchronous Clear  ; 0     ;
; Number of registers using Synchronous Load   ; 0     ;
; Number of registers using Asynchronous Clear ; 4     ;
; Number of registers using Asynchronous Load  ; 0     ;
; Number of registers using Clock Enable       ; 0     ;
; Number of registers using Preset             ; 0     ;
+----------------------------------------------+-------+


+-------------------------------------------------------------+
; Inverted Register Statistics                                ;
+---------------------------------------------------+---------+
; Inverted Register                                 ; Fan out ;
+---------------------------------------------------+---------+
; datapath:inst9|down_ctr2bit:instinstinst|count[2] ; 6       ;
; Total number of inverted registers = 1            ;         ;
+---------------------------------------------------+---------+


+-----------------------------------------------------+
; Post-Synthesis Netlist Statistics for Top Partition ;
+-----------------------+-----------------------------+
; Type                  ; Count                       ;
+-----------------------+-----------------------------+
; boundary_port         ; 68                          ;
; cycloneiii_ff         ; 20                          ;
;     CLR               ; 4                           ;
;     plain             ; 16                          ;
; cycloneiii_lcell_comb ; 65                          ;
;     normal            ; 65                          ;
;         0 data inputs ; 1                           ;
;         1 data inputs ; 1                           ;
;         2 data inputs ; 6                           ;
;         3 data inputs ; 5                           ;
;         4 data inputs ; 52                          ;
;                       ;                             ;
; Max LUT depth         ; 5.00                        ;
; Average LUT depth     ; 2.05                        ;
+-----------------------+-----------------------------+


+-------------------------------+
; Elapsed Time Per Partition    ;
+----------------+--------------+
; Partition Name ; Elapsed Time ;
+----------------+--------------+
; Top            ; 00:00:00     ;
+----------------+--------------+


+-------------------------------+
; Analysis & Synthesis Messages ;
+-------------------------------+
Info: *******************************************************************
Info: Running Quartus Prime Analysis & Synthesis
    Info: Version 18.1.0 Build 625 09/12/2018 SJ Lite Edition
    Info: Processing started: Thu Jun 27 12:06:12 2024
Info: Command: quartus_map --read_settings_files=on --write_settings_files=off 4bit_multiplier -c 4bit_multiplier
Warning (18236): Number of processors has not been specified which may cause overloading on shared machines.  Set the global assignment NUM_PARALLEL_PROCESSORS in your QSF to an appropriate value for best performance.
Info (20030): Parallel compilation is enabled and will use 4 of the 4 processors detected
Info (12021): Found 1 design units, including 1 entities, in source file soma4bits.bdf
    Info (12023): Found entity 1: SOMA4BITS
Info (12021): Found 1 design units, including 1 entities, in source file soma1bit.bdf
    Info (12023): Found entity 1: SOMA1BIT
Info (12021): Found 1 design units, including 1 entities, in source file seg.bdf
    Info (12023): Found entity 1: seg
Info (12021): Found 1 design units, including 1 entities, in source file piso.bdf
    Info (12023): Found entity 1: PISO
Info (12021): Found 2 design units, including 1 entities, in source file timing_reference10hz.vhd
    Info (12022): Found design unit 1: Timing_Reference10hz-freq_div File: K:/intelFPGA_lite/18.1/multiplier/Timing_Reference10hz.vhd Line: 11
    Info (12023): Found entity 1: Timing_Reference10hz File: K:/intelFPGA_lite/18.1/multiplier/Timing_Reference10hz.vhd Line: 5
Info (12021): Found 1 design units, including 1 entities, in source file 4bit_multiplier.bdf
    Info (12023): Found entity 1: 4bit_multiplier
Warning (12019): Can't analyze file -- file PIPOSO.bdf is missing
Warning (12019): Can't analyze file -- file datapath;bdf.bdf is missing
Info (12021): Found 1 design units, including 1 entities, in source file datapath.bdf
    Info (12023): Found entity 1: datapath
Warning (12019): Can't analyze file -- file PREGISTER.bdf is missing
Warning (12019): Can't analyze file -- file QREGISTER.bdf is missing
Warning (12019): Can't analyze file -- file AUXREGISTER.bdf is missing
Warning (12090): Entity "mux" obtained from "mux.bdf" instead of from Quartus Prime megafunction library
Info (12021): Found 1 design units, including 1 entities, in source file mux.bdf
    Info (12023): Found entity 1: mux
Warning (12019): Can't analyze file -- file final_product.bdf is missing
Warning (12019): Can't analyze file -- file Plow.bdf is missing
Info (12127): Elaborating entity "4bit_multiplier" for the top level hierarchy
Warning (275011): Block or symbol "seg" of instance "inst2" overlaps another block or symbol
Info (12128): Elaborating entity "seg" for hierarchy "seg:inst2"
Warning (275011): Block or symbol "AND3" of instance "inst14" overlaps another block or symbol
Info (12128): Elaborating entity "datapath" for hierarchy "datapath:inst9"
Warning (12125): Using design file down_ctr2bit.vhd, which is not specified as a design file for the current project, but contains definitions for 2 design units and 1 entities in project
    Info (12022): Found design unit 1: down_ctr2bit-rtl File: K:/intelFPGA_lite/18.1/multiplier/down_ctr2bit.vhd Line: 14
    Info (12023): Found entity 1: down_ctr2bit File: K:/intelFPGA_lite/18.1/multiplier/down_ctr2bit.vhd Line: 5
Info (12128): Elaborating entity "down_ctr2bit" for hierarchy "datapath:inst9|down_ctr2bit:instinstinst"
Warning (10492): VHDL Process Statement warning at down_ctr2bit.vhd(20): signal "enable" is read inside the Process Statement but isn't in the Process Statement's sensitivity list File: K:/intelFPGA_lite/18.1/multiplier/down_ctr2bit.vhd Line: 20
Info (12128): Elaborating entity "PISO" for hierarchy "datapath:inst9|PISO:inst1"
Info (12128): Elaborating entity "SOMA4BITS" for hierarchy "datapath:inst9|SOMA4BITS:inst3"
Info (12128): Elaborating entity "SOMA1BIT" for hierarchy "datapath:inst9|SOMA4BITS:inst3|SOMA1BIT:inst"
Warning (12125): Using design file pipo.bdf, which is not specified as a design file for the current project, but contains definitions for 1 design units and 1 entities in project
    Info (12023): Found entity 1: PIPO
Info (12128): Elaborating entity "PIPO" for hierarchy "datapath:inst9|PIPO:inst2"
Info (12128): Elaborating entity "mux" for hierarchy "datapath:inst9|mux:inst12"
Warning (12125): Using design file controller.vhd, which is not specified as a design file for the current project, but contains definitions for 2 design units and 1 entities in project
    Info (12022): Found design unit 1: controller-funcionamento File: K:/intelFPGA_lite/18.1/multiplier/controller.vhd Line: 16
    Info (12023): Found entity 1: controller File: K:/intelFPGA_lite/18.1/multiplier/controller.vhd Line: 6
Info (12128): Elaborating entity "controller" for hierarchy "controller:inst"
Warning (13024): Output pins are stuck at VCC or GND
    Warning (13410): Pin "HEX10_PIN_C18" is stuck at VCC
    Warning (13410): Pin "HEX11_PIN_D18" is stuck at VCC
    Warning (13410): Pin "HEX12_PIN_E18" is stuck at VCC
    Warning (13410): Pin "HEX13_PIN_B16" is stuck at VCC
    Warning (13410): Pin "HEX14_PIN_A17" is stuck at VCC
    Warning (13410): Pin "HEX15_PIN_A18" is stuck at VCC
    Warning (13410): Pin "HEX16_PIN_B17" is stuck at VCC
    Warning (13410): Pin "HEX17_PIN_A16" is stuck at VCC
    Warning (13410): Pin "HEX37_PIN_D22" is stuck at VCC
    Warning (13410): Pin "HEX07_PIN_D15" is stuck at VCC
    Warning (13410): Pin "HEX27_PIN_A19" is stuck at VCC
    Warning (13410): Pin "HEX47_PIN_F17" is stuck at VCC
    Warning (13410): Pin "HEX57_PIN_L19" is stuck at VCC
    Warning (13410): Pin "LEDR1_PIN_A9" is stuck at VCC
    Warning (13410): Pin "LEDR0_PIN_A8" is stuck at VCC
    Warning (13410): Pin "LEDR2_PIN_A10" is stuck at VCC
    Warning (13410): Pin "LEDR3_PIN_B10" is stuck at VCC
    Warning (13410): Pin "LEDR4_PIN_D13" is stuck at VCC
    Warning (13410): Pin "LEDR5_PIN_C13" is stuck at VCC
    Warning (13410): Pin "LEDR6_PIN_E14" is stuck at VCC
    Warning (13410): Pin "LEDR7_PIN_D14" is stuck at VCC
    Warning (13410): Pin "LEDR8_PIN_A11" is stuck at VCC
    Warning (13410): Pin "LEDR9_PIN_B11" is stuck at VCC
    Warning (13410): Pin "HEX30_PIN_F21" is stuck at VCC
    Warning (13410): Pin "HEX31_PIN_E22" is stuck at VCC
    Warning (13410): Pin "HEX32_PIN_E21" is stuck at VCC
    Warning (13410): Pin "HEX33_PIN_C19" is stuck at VCC
    Warning (13410): Pin "HEX34_PIN_C20" is stuck at VCC
    Warning (13410): Pin "HEX35_PIN_D19" is stuck at VCC
    Warning (13410): Pin "HEX36_PIN_E17" is stuck at VCC
Info (286030): Timing-Driven Synthesis is running
Info (16010): Generating hard_block partition "hard_block:auto_generated_inst"
    Info (16011): Adding 0 node(s), including 0 DDIO, 0 PLL, 0 transceiver and 0 LCELL
Info (21057): Implemented 133 device resources after synthesis - the final resource count might be different
    Info (21058): Implemented 10 input pins
    Info (21059): Implemented 58 output pins
    Info (21061): Implemented 65 logic cells
Info: Quartus Prime Analysis & Synthesis was successful. 0 errors, 46 warnings
    Info: Peak virtual memory: 4788 megabytes
    Info: Processing ended: Thu Jun 27 12:06:22 2024
    Info: Elapsed time: 00:00:10
    Info: Total CPU time (on all processors): 00:00:21


